Using pre-set license
Built from '2020.3/staging' branch; Version is '2020.3.3f1 (76626098c1c4) revision 7758432'; Using compiler version '192528614'; Build Type 'Release'
OS: 'Windows 10 Home; OS build 19044.1586; Version 2009; 64bit' Language: 'hu' Physical Memory: 8101 MB
BatchMode: 1, IsHumanControllingUs: 0, StartBugReporterOnCrash: 0, Is64bit: 1, IsPro: 0

 COMMAND LINE ARGUMENTS:
C:\Program Files\Unity\Hub\Editor\2020.3.3f1\Editor\Unity.exe
-adb2
-batchMode
-noUpm
-name
AssetImportWorker0
-projectPath
D:/Unity/2021_projects/Github games/delay_is_inevitable/airPlaneGame
-logFile
Logs/AssetImportWorker0.log
-srvPort
1873
Successfully changed project path to: D:/Unity/2021_projects/Github games/delay_is_inevitable/airPlaneGame
D:/Unity/2021_projects/Github games/delay_is_inevitable/airPlaneGame
Using Asset Import Pipeline V2.
Refreshing native plugins compatible for Editor in 42.45 ms, found 1 plugins.
Preloading 0 native plugins for Editor in 0.00 ms.
Initialize engine version: 2020.3.3f1 (76626098c1c4)
[Subsystems] Discovering subsystems at path C:/Program Files/Unity/Hub/Editor/2020.3.3f1/Editor/Data/Resources/UnitySubsystems
[Subsystems] Discovering subsystems at path D:/Unity/2021_projects/Github games/delay_is_inevitable/airPlaneGame/Assets
GfxDevice: creating device client; threaded=0
Direct3D:
    Version:  Direct3D 11.0 [level 11.1]
    Renderer: NVIDIA GeForce GTX 1050 (ID=0x1c8d)
    Vendor:   
    VRAM:     4019 MB
    Driver:   25.21.14.1735
Initialize mono
Mono path[0] = 'C:/Program Files/Unity/Hub/Editor/2020.3.3f1/Editor/Data/Managed'
Mono path[1] = 'C:/Program Files/Unity/Hub/Editor/2020.3.3f1/Editor/Data/MonoBleedingEdge/lib/mono/unityjit'
Mono config path = 'C:/Program Files/Unity/Hub/Editor/2020.3.3f1/Editor/Data/MonoBleedingEdge/etc'
Using monoOptions --debugger-agent=transport=dt_socket,embedding=1,server=y,suspend=n,address=127.0.0.1:56616
Begin MonoManager ReloadAssembly
Registering precompiled unity dll's ...
Register platform support module: C:/Program Files/Unity/Hub/Editor/2020.3.3f1/Editor/Data/PlaybackEngines/WebGLSupport/UnityEditor.WebGL.Extensions.dll
Register platform support module: C:/Program Files/Unity/Hub/Editor/2020.3.3f1/Editor/Data/PlaybackEngines/WindowsStandaloneSupport/UnityEditor.WindowsStandalone.Extensions.dll
Registered in 0.003478 seconds.
Native extension for WindowsStandalone target not found
Native extension for WebGL target not found
Refreshing native plugins compatible for Editor in 61.50 ms, found 1 plugins.
Preloading 0 native plugins for Editor in 0.00 ms.
Invoked RoslynAnalysisRunner static constructor.
RoslynAnalysisRunner will not be running.
RoslynAnalysisRunner has terminated.
Mono: successfully reloaded assembly
- Completed reload, in  3.077 seconds
Platform modules already initialized, skipping
Registering precompiled user dll's ...
Registered in 0.001333 seconds.
Begin MonoManager ReloadAssembly
Native extension for WindowsStandalone target not found
Native extension for WebGL target not found
Refreshing native plugins compatible for Editor in 41.60 ms, found 1 plugins.
Preloading 0 native plugins for Editor in 0.00 ms.
Invoked RoslynAnalysisRunner static constructor.
RoslynAnalysisRunner will not be running.
RoslynAnalysisRunner has terminated.
Mono: successfully reloaded assembly
- Completed reload, in  1.165 seconds
Platform modules already initialized, skipping
========================================================================
Worker process is ready to serve import requests
Launched and connected shader compiler UnityShaderCompiler.exe after 0.07 seconds
Refreshing native plugins compatible for Editor in 0.94 ms, found 1 plugins.
Preloading 0 native plugins for Editor in 0.00 ms.
Unloading 1825 Unused Serialized files (Serialized files now loaded: 0)
System memory in use before: 85.9 MB.
System memory in use after: 86.0 MB.

Unloading 20 unused Assets to reduce memory usage. Loaded Objects now: 2276.
Total: 2.275200 ms (FindLiveObjects: 0.243300 ms CreateObjectMapping: 0.114200 ms MarkObjects: 1.819200 ms  DeleteObjects: 0.097100 ms)

========================================================================
Received Import Request.
  path: Assets/Scrpits
  artifactKey: Guid(2d83840c49c8d0443a2ce2150cfd34b1) Importer(815301076,1909f56bfc062723c751e8b465ee728b)
Start importing Assets/Scrpits using Guid(2d83840c49c8d0443a2ce2150cfd34b1) Importer(815301076,1909f56bfc062723c751e8b465ee728b)  -> (artifact id: '63494ae55abc13a57e653b310bfd500b') in 0.013277 seconds
  Import took 0.020019 seconds .

========================================================================
Received Import Request.
  Time since last request: 0.748274 seconds.
  path: Assets/Scrpits/GameManager.cs
  artifactKey: Guid(8c09b278386c49d4f925060c502e1c2c) Importer(815301076,1909f56bfc062723c751e8b465ee728b)
Start importing Assets/Scrpits/GameManager.cs using Guid(8c09b278386c49d4f925060c502e1c2c) Importer(815301076,1909f56bfc062723c751e8b465ee728b)  -> (artifact id: 'e280756e5dcd24ddd2f634186a8494ec') in 0.067264 seconds
  Import took 0.071179 seconds .

========================================================================
Received Prepare
Registering precompiled user dll's ...
Registered in 0.002993 seconds.
Begin MonoManager ReloadAssembly
Native extension for WindowsStandalone target not found
Native extension for WebGL target not found
Refreshing native plugins compatible for Editor in 0.63 ms, found 1 plugins.
Preloading 0 native plugins for Editor in 0.00 ms.
Invoked RoslynAnalysisRunner static constructor.
RoslynAnalysisRunner will not be running.
RoslynAnalysisRunner has terminated.
Mono: successfully reloaded assembly
- Completed reload, in  1.503 seconds
Platform modules already initialized, skipping
Refreshing native plugins compatible for Editor in 0.71 ms, found 1 plugins.
Preloading 0 native plugins for Editor in 0.00 ms.
Unloading 1817 Unused Serialized files (Serialized files now loaded: 0)
System memory in use before: 85.5 MB.
System memory in use after: 85.6 MB.

Unloading 8 unused Assets to reduce memory usage. Loaded Objects now: 2281.
Total: 6.115000 ms (FindLiveObjects: 0.441200 ms CreateObjectMapping: 0.207100 ms MarkObjects: 5.359600 ms  DeleteObjects: 0.104700 ms)

========================================================================
Received Prepare
Registering precompiled user dll's ...
Registered in 0.001245 seconds.
Begin MonoManager ReloadAssembly
Native extension for WindowsStandalone target not found
Native extension for WebGL target not found
Refreshing native plugins compatible for Editor in 0.38 ms, found 1 plugins.
Preloading 0 native plugins for Editor in 0.00 ms.
Invoked RoslynAnalysisRunner static constructor.
RoslynAnalysisRunner will not be running.
RoslynAnalysisRunner has terminated.
Mono: successfully reloaded assembly
- Completed reload, in  1.202 seconds
Platform modules already initialized, skipping
Refreshing native plugins compatible for Editor in 0.39 ms, found 1 plugins.
Preloading 0 native plugins for Editor in 0.00 ms.
Unloading 1817 Unused Serialized files (Serialized files now loaded: 0)
System memory in use before: 85.6 MB.
System memory in use after: 85.6 MB.

Unloading 8 unused Assets to reduce memory usage. Loaded Objects now: 2285.
Total: 2.381000 ms (FindLiveObjects: 0.285200 ms CreateObjectMapping: 0.123100 ms MarkObjects: 1.895600 ms  DeleteObjects: 0.075900 ms)

========================================================================
Received Import Request.
  Time since last request: 36.888470 seconds.
  path: Assets/Scrpits/GameManager.cs
  artifactKey: Guid(8c09b278386c49d4f925060c502e1c2c) Importer(815301076,1909f56bfc062723c751e8b465ee728b)
Start importing Assets/Scrpits/GameManager.cs using Guid(8c09b278386c49d4f925060c502e1c2c) Importer(815301076,1909f56bfc062723c751e8b465ee728b)  -> (artifact id: 'ab951cd09a19ef041e9cccd7e0a2b5c7') in 0.005437 seconds
  Import took 0.008386 seconds .

========================================================================
Received Import Request.
  Time since last request: 13.915386 seconds.
  path: Assets/music
  artifactKey: Guid(ca6d14f02130d80459621c1deffa407f) Importer(815301076,1909f56bfc062723c751e8b465ee728b)
Start importing Assets/music using Guid(ca6d14f02130d80459621c1deffa407f) Importer(815301076,1909f56bfc062723c751e8b465ee728b)  -> (artifact id: 'b65833a2a032310b1615e02dc1745ea9') in 0.004598 seconds
  Import took 0.008419 seconds .

========================================================================
Received Import Request.
  Time since last request: 0.039365 seconds.
  path: Assets/music/exposion.wav
  artifactKey: Guid(a88aeb833eb89064e999dc22c083b4dc) Importer(815301076,1909f56bfc062723c751e8b465ee728b)
Start importing Assets/music/exposion.wav using Guid(a88aeb833eb89064e999dc22c083b4dc) Importer(815301076,1909f56bfc062723c751e8b465ee728b)  -> (artifact id: '9b1555b64a5704f6d888e5e8c618d954') in 0.143589 seconds
  Import took 0.147066 seconds .

========================================================================
Received Import Request.
  Time since last request: 0.000418 seconds.
  path: Assets/music/laser.wav
  artifactKey: Guid(e38f846da13e525419c261e04953c9ae) Importer(815301076,1909f56bfc062723c751e8b465ee728b)
Start importing Assets/music/laser.wav using Guid(e38f846da13e525419c261e04953c9ae) Importer(815301076,1909f56bfc062723c751e8b465ee728b)  -> (artifact id: '6fd5524c468948db95e6465c8338089a') in 0.015340 seconds
  Import took 0.018982 seconds .

========================================================================
Received Import Request.
  Time since last request: 0.000404 seconds.
  path: Assets/music/exposion2.wav
  artifactKey: Guid(f4ae64d6d3e80a74280640bec2d8773c) Importer(815301076,1909f56bfc062723c751e8b465ee728b)
Start importing Assets/music/exposion2.wav using Guid(f4ae64d6d3e80a74280640bec2d8773c) Importer(815301076,1909f56bfc062723c751e8b465ee728b)  -> (artifact id: '638ea91b688052fec5be90698f057772') in 0.016580 seconds
  Import took 0.020214 seconds .

========================================================================
Received Import Request.
  Time since last request: 0.000413 seconds.
  path: Assets/music/shoot.wav
  artifactKey: Guid(3c29bf62ec14f734fa87f5c815578ceb) Importer(815301076,1909f56bfc062723c751e8b465ee728b)
Start importing Assets/music/shoot.wav using Guid(3c29bf62ec14f734fa87f5c815578ceb) Importer(815301076,1909f56bfc062723c751e8b465ee728b)  -> (artifact id: 'fc92ee1ca12d440aae2fd75cd858a4f3') in 0.016261 seconds
  Import took 0.020341 seconds .

========================================================================
Received Import Request.
  Time since last request: 0.000412 seconds.
  path: Assets/music/mainMusic.wav
  artifactKey: Guid(1810b25ca23cd914cab0de769204bf39) Importer(815301076,1909f56bfc062723c751e8b465ee728b)
Start importing Assets/music/mainMusic.wav using Guid(1810b25ca23cd914cab0de769204bf39) Importer(815301076,1909f56bfc062723c751e8b465ee728b)  -> (artifact id: '9f89a94a66a9f522b1ecebca93026e94') in 0.016246 seconds
  Import took 0.020776 seconds .

========================================================================
Received Prepare
Registering precompiled user dll's ...
Registered in 0.001403 seconds.
Begin MonoManager ReloadAssembly
Native extension for WindowsStandalone target not found
Native extension for WebGL target not found
Refreshing native plugins compatible for Editor in 0.41 ms, found 1 plugins.
Preloading 0 native plugins for Editor in 0.00 ms.
Invoked RoslynAnalysisRunner static constructor.
RoslynAnalysisRunner will not be running.
RoslynAnalysisRunner has terminated.
Mono: successfully reloaded assembly
- Completed reload, in  1.106 seconds
Platform modules already initialized, skipping
Refreshing native plugins compatible for Editor in 0.37 ms, found 1 plugins.
Preloading 0 native plugins for Editor in 0.00 ms.
Unloading 1817 Unused Serialized files (Serialized files now loaded: 0)
System memory in use before: 88.7 MB.
System memory in use after: 88.8 MB.

Unloading 8 unused Assets to reduce memory usage. Loaded Objects now: 2298.
Total: 4.095200 ms (FindLiveObjects: 0.778900 ms CreateObjectMapping: 0.249000 ms MarkObjects: 2.983200 ms  DeleteObjects: 0.078400 ms)

========================================================================
Received Import Request.
  Time since last request: 153.324888 seconds.
  path: ProjectSettings/TagManager.asset
  artifactKey: Guid(00000000000000003000000000000000) Importer(815301076,1909f56bfc062723c751e8b465ee728b)
Start importing ProjectSettings/TagManager.asset using Guid(00000000000000003000000000000000) Importer(815301076,1909f56bfc062723c751e8b465ee728b)  -> (artifact id: 'fd2022d5ad1ef8f77a6f96dd2a09b30a') in 0.025260 seconds
  Import took 0.029448 seconds .

========================================================================
Received Prepare
Registering precompiled user dll's ...
Registered in 0.001233 seconds.
Begin MonoManager ReloadAssembly
Native extension for WindowsStandalone target not found
Native extension for WebGL target not found
Refreshing native plugins compatible for Editor in 0.42 ms, found 1 plugins.
Preloading 0 native plugins for Editor in 0.00 ms.
Invoked RoslynAnalysisRunner static constructor.
RoslynAnalysisRunner will not be running.
RoslynAnalysisRunner has terminated.
Mono: successfully reloaded assembly
- Completed reload, in  0.986 seconds
Platform modules already initialized, skipping
Refreshing native plugins compatible for Editor in 0.41 ms, found 1 plugins.
Preloading 0 native plugins for Editor in 0.00 ms.
Unloading 1817 Unused Serialized files (Serialized files now loaded: 0)
System memory in use before: 88.7 MB.
System memory in use after: 88.8 MB.

Unloading 9 unused Assets to reduce memory usage. Loaded Objects now: 2302.
Total: 2.869700 ms (FindLiveObjects: 0.435000 ms CreateObjectMapping: 0.114800 ms MarkObjects: 2.256200 ms  DeleteObjects: 0.061400 ms)

========================================================================
Received Prepare
Registering precompiled user dll's ...
Registered in 0.001244 seconds.
Begin MonoManager ReloadAssembly
Native extension for WindowsStandalone target not found
Native extension for WebGL target not found
Refreshing native plugins compatible for Editor in 0.57 ms, found 1 plugins.
Preloading 0 native plugins for Editor in 0.00 ms.
Invoked RoslynAnalysisRunner static constructor.
RoslynAnalysisRunner will not be running.
RoslynAnalysisRunner has terminated.
Mono: successfully reloaded assembly
- Completed reload, in  1.040 seconds
Platform modules already initialized, skipping
Refreshing native plugins compatible for Editor in 0.43 ms, found 1 plugins.
Preloading 0 native plugins for Editor in 0.00 ms.
Unloading 1817 Unused Serialized files (Serialized files now loaded: 0)
System memory in use before: 88.7 MB.
System memory in use after: 88.8 MB.

Unloading 8 unused Assets to reduce memory usage. Loaded Objects now: 2306.
Total: 7.432000 ms (FindLiveObjects: 1.562400 ms CreateObjectMapping: 0.392300 ms MarkObjects: 5.359000 ms  DeleteObjects: 0.114100 ms)

========================================================================
Received Prepare
Registering precompiled user dll's ...
Registered in 0.001256 seconds.
Begin MonoManager ReloadAssembly
Native extension for WindowsStandalone target not found
Native extension for WebGL target not found
Refreshing native plugins compatible for Editor in 0.75 ms, found 1 plugins.
Preloading 0 native plugins for Editor in 0.00 ms.
Invoked RoslynAnalysisRunner static constructor.
RoslynAnalysisRunner will not be running.
RoslynAnalysisRunner has terminated.
Mono: successfully reloaded assembly
- Completed reload, in  1.226 seconds
Platform modules already initialized, skipping
Refreshing native plugins compatible for Editor in 1.65 ms, found 1 plugins.
Preloading 0 native plugins for Editor in 0.00 ms.
Unloading 1817 Unused Serialized files (Serialized files now loaded: 0)
System memory in use before: 88.7 MB.
System memory in use after: 88.8 MB.

Unloading 8 unused Assets to reduce memory usage. Loaded Objects now: 2310.
Total: 2.253200 ms (FindLiveObjects: 0.264600 ms CreateObjectMapping: 0.083200 ms MarkObjects: 1.839000 ms  DeleteObjects: 0.065200 ms)

========================================================================
Received Prepare
Registering precompiled user dll's ...
Registered in 0.001481 seconds.
Begin MonoManager ReloadAssembly
Native extension for WindowsStandalone target not found
Native extension for WebGL target not found
Refreshing native plugins compatible for Editor in 0.40 ms, found 1 plugins.
Preloading 0 native plugins for Editor in 0.00 ms.
Invoked RoslynAnalysisRunner static constructor.
RoslynAnalysisRunner will not be running.
RoslynAnalysisRunner has terminated.
Mono: successfully reloaded assembly
- Completed reload, in  1.081 seconds
Platform modules already initialized, skipping
Refreshing native plugins compatible for Editor in 0.38 ms, found 1 plugins.
Preloading 0 native plugins for Editor in 0.00 ms.
Unloading 1817 Unused Serialized files (Serialized files now loaded: 0)
System memory in use before: 88.7 MB.
System memory in use after: 88.8 MB.

Unloading 8 unused Assets to reduce memory usage. Loaded Objects now: 2314.
Total: 2.457500 ms (FindLiveObjects: 0.295200 ms CreateObjectMapping: 0.079500 ms MarkObjects: 2.002800 ms  DeleteObjects: 0.077600 ms)

========================================================================
Received Import Request.
  Time since last request: 923.842443 seconds.
  path: Assets/Enemies
  artifactKey: Guid(8fd1ca5827c6da9479a7c95a53c6ad68) Importer(815301076,1909f56bfc062723c751e8b465ee728b)
Start importing Assets/Enemies using Guid(8fd1ca5827c6da9479a7c95a53c6ad68) Importer(815301076,1909f56bfc062723c751e8b465ee728b)  -> (artifact id: 'd0f24a4a876ed6a460a4abd6feace84b') in 0.011068 seconds
  Import took 0.016076 seconds .

========================================================================
Received Import Request.
  Time since last request: 0.044455 seconds.
  path: Assets/Enemies/Boss.prefab
  artifactKey: Guid(ce8e8e9ea1a645b4c8a20c08f1839272) Importer(815301076,1909f56bfc062723c751e8b465ee728b)
Start importing Assets/Enemies/Boss.prefab using Guid(ce8e8e9ea1a645b4c8a20c08f1839272) Importer(815301076,1909f56bfc062723c751e8b465ee728b)  -> (artifact id: '800cf2cc303721e9a21167dfa755c57e') in 0.126476 seconds
  Import took 0.132634 seconds .

========================================================================
Received Import Request.
  Time since last request: 0.000453 seconds.
  path: Assets/Enemies/Enemy1.prefab
  artifactKey: Guid(cfe97792f321e4e49aa340cc664fadc1) Importer(815301076,1909f56bfc062723c751e8b465ee728b)
Start importing Assets/Enemies/Enemy1.prefab using Guid(cfe97792f321e4e49aa340cc664fadc1) Importer(815301076,1909f56bfc062723c751e8b465ee728b)  -> (artifact id: '3a9fb87f75a909bfa1dd1b3bb3840530') in 0.034094 seconds
  Import took 0.039831 seconds .

========================================================================
Received Import Request.
  Time since last request: 0.000372 seconds.
  path: Assets/Enemies/EnemyDeadParticle.prefab
  artifactKey: Guid(5a519d6a8919959469ce227a69ef8648) Importer(815301076,1909f56bfc062723c751e8b465ee728b)
Start importing Assets/Enemies/EnemyDeadParticle.prefab using Guid(5a519d6a8919959469ce227a69ef8648) Importer(815301076,1909f56bfc062723c751e8b465ee728b)  -> (artifact id: '2fb297bbbee2a38df02f5c79334391fa') in 0.009030 seconds
  Import took 0.013697 seconds .

========================================================================
Received Import Request.
  Time since last request: 0.000328 seconds.
  path: Assets/Enemies/Enemy1.prefab
  artifactKey: Guid(cfe97792f321e4e49aa340cc664fadc1) Importer(815301076,1909f56bfc062723c751e8b465ee728b)
Start importing Assets/Enemies/Enemy1.prefab using Guid(cfe97792f321e4e49aa340cc664fadc1) Importer(815301076,1909f56bfc062723c751e8b465ee728b)  -> (artifact id: '3a9fb87f75a909bfa1dd1b3bb3840530') in 0.023185 seconds
  Import took 0.028267 seconds .

========================================================================
Received Import Request.
  Time since last request: 0.000385 seconds.
  path: Assets/Enemies/EnemyDeadParticle.prefab
  artifactKey: Guid(5a519d6a8919959469ce227a69ef8648) Importer(815301076,1909f56bfc062723c751e8b465ee728b)
Start importing Assets/Enemies/EnemyDeadParticle.prefab using Guid(5a519d6a8919959469ce227a69ef8648) Importer(815301076,1909f56bfc062723c751e8b465ee728b)  -> (artifact id: '2fb297bbbee2a38df02f5c79334391fa') in 0.006142 seconds
  Import took 0.009871 seconds .

========================================================================
Received Import Request.
  Time since last request: 10.280824 seconds.
  path: Assets/Enemies/Boss.prefab
  artifactKey: Guid(ce8e8e9ea1a645b4c8a20c08f1839272) Importer(815301076,1909f56bfc062723c751e8b465ee728b)
Start importing Assets/Enemies/Boss.prefab using Guid(ce8e8e9ea1a645b4c8a20c08f1839272) Importer(815301076,1909f56bfc062723c751e8b465ee728b)  -> (artifact id: '9b8f149961d2f9a62a7f45ce44e3ea82') in 0.018641 seconds
  Import took 0.022704 seconds .

========================================================================
Received Import Request.
  Time since last request: 3.086467 seconds.
  path: Assets/Enemies/Enemy1.prefab
  artifactKey: Guid(cfe97792f321e4e49aa340cc664fadc1) Importer(815301076,1909f56bfc062723c751e8b465ee728b)
Start importing Assets/Enemies/Enemy1.prefab using Guid(cfe97792f321e4e49aa340cc664fadc1) Importer(815301076,1909f56bfc062723c751e8b465ee728b)  -> (artifact id: 'ed0a54e4185c6e3afad689a014c38d31') in 0.023331 seconds
  Import took 0.029195 seconds .

========================================================================
Received Import Request.
  Time since last request: 18.901307 seconds.
  path: Assets/PauseMenu/EndCanvas.prefab
  artifactKey: Guid(d19aa5046e6e06c47b5536c439b639db) Importer(815301076,1909f56bfc062723c751e8b465ee728b)
Start importing Assets/PauseMenu/EndCanvas.prefab using Guid(d19aa5046e6e06c47b5536c439b639db) Importer(815301076,1909f56bfc062723c751e8b465ee728b)  -> (artifact id: 'ca7caca25906db5620a0066d1805d53a') in 0.023405 seconds
  Import took 0.028322 seconds .

========================================================================
Received Import Request.
  Time since last request: 0.000410 seconds.
  path: Assets/PauseMenu/PauseMenu.prefab
  artifactKey: Guid(e91881eaa04767a448725e2834d0bc78) Importer(815301076,1909f56bfc062723c751e8b465ee728b)
Start importing Assets/PauseMenu/PauseMenu.prefab using Guid(e91881eaa04767a448725e2834d0bc78) Importer(815301076,1909f56bfc062723c751e8b465ee728b)  -> (artifact id: '5a3ffc1bba325ecfdc6f96c107acbff7') in 0.009244 seconds
  Import took 0.013595 seconds .

========================================================================
Received Import Request.
  Time since last request: 0.000431 seconds.
  path: Assets/PauseMenu/EndCanvas.prefab
  artifactKey: Guid(d19aa5046e6e06c47b5536c439b639db) Importer(815301076,1909f56bfc062723c751e8b465ee728b)
Start importing Assets/PauseMenu/EndCanvas.prefab using Guid(d19aa5046e6e06c47b5536c439b639db) Importer(815301076,1909f56bfc062723c751e8b465ee728b)  -> (artifact id: 'ca7caca25906db5620a0066d1805d53a') in 0.007469 seconds
  Import took 0.012393 seconds .

========================================================================
Received Import Request.
  Time since last request: 0.005991 seconds.
  path: Assets/PauseMenu/PauseMenu.prefab
  artifactKey: Guid(e91881eaa04767a448725e2834d0bc78) Importer(815301076,1909f56bfc062723c751e8b465ee728b)
Start importing Assets/PauseMenu/PauseMenu.prefab using Guid(e91881eaa04767a448725e2834d0bc78) Importer(815301076,1909f56bfc062723c751e8b465ee728b)  -> (artifact id: '5a3ffc1bba325ecfdc6f96c107acbff7') in 0.006605 seconds
  Import took 0.010530 seconds .

========================================================================
Received Prepare
Registering precompiled user dll's ...
Registered in 0.002666 seconds.
Begin MonoManager ReloadAssembly
Native extension for WindowsStandalone target not found
Native extension for WebGL target not found
Refreshing native plugins compatible for Editor in 0.41 ms, found 1 plugins.
Preloading 0 native plugins for Editor in 0.00 ms.
Invoked RoslynAnalysisRunner static constructor.
RoslynAnalysisRunner will not be running.
RoslynAnalysisRunner has terminated.
Mono: successfully reloaded assembly
- Completed reload, in  1.003 seconds
Platform modules already initialized, skipping
Refreshing native plugins compatible for Editor in 0.46 ms, found 1 plugins.
Preloading 0 native plugins for Editor in 0.00 ms.
Unloading 1817 Unused Serialized files (Serialized files now loaded: 0)
System memory in use before: 88.9 MB.
System memory in use after: 89.0 MB.

Unloading 10 unused Assets to reduce memory usage. Loaded Objects now: 2321.
Total: 2.407100 ms (FindLiveObjects: 0.257500 ms CreateObjectMapping: 0.119700 ms MarkObjects: 1.962100 ms  DeleteObjects: 0.066000 ms)

========================================================================
Received Prepare
Registering precompiled user dll's ...
Registered in 0.001274 seconds.
Begin MonoManager ReloadAssembly
Native extension for WindowsStandalone target not found
Native extension for WebGL target not found
Refreshing native plugins compatible for Editor in 0.36 ms, found 1 plugins.
Preloading 0 native plugins for Editor in 0.00 ms.
Invoked RoslynAnalysisRunner static constructor.
RoslynAnalysisRunner will not be running.
RoslynAnalysisRunner has terminated.
Mono: successfully reloaded assembly
- Completed reload, in  1.096 seconds
Platform modules already initialized, skipping
Refreshing native plugins compatible for Editor in 0.41 ms, found 1 plugins.
Preloading 0 native plugins for Editor in 0.00 ms.
Unloading 1817 Unused Serialized files (Serialized files now loaded: 0)
System memory in use before: 88.9 MB.
System memory in use after: 89.0 MB.

Unloading 8 unused Assets to reduce memory usage. Loaded Objects now: 2325.
Total: 3.128200 ms (FindLiveObjects: 0.520800 ms CreateObjectMapping: 0.297900 ms MarkObjects: 2.244600 ms  DeleteObjects: 0.061700 ms)

========================================================================
Received Prepare
Registering precompiled user dll's ...
Registered in 0.001223 seconds.
Begin MonoManager ReloadAssembly
Native extension for WindowsStandalone target not found
Native extension for WebGL target not found
Refreshing native plugins compatible for Editor in 0.41 ms, found 1 plugins.
Preloading 0 native plugins for Editor in 0.00 ms.
Invoked RoslynAnalysisRunner static constructor.
RoslynAnalysisRunner will not be running.
RoslynAnalysisRunner has terminated.
Mono: successfully reloaded assembly
- Completed reload, in  1.015 seconds
Platform modules already initialized, skipping
Refreshing native plugins compatible for Editor in 0.38 ms, found 1 plugins.
Preloading 0 native plugins for Editor in 0.00 ms.
Unloading 1817 Unused Serialized files (Serialized files now loaded: 0)
System memory in use before: 89.0 MB.
System memory in use after: 89.1 MB.

Unloading 8 unused Assets to reduce memory usage. Loaded Objects now: 2329.
Total: 2.347800 ms (FindLiveObjects: 0.297100 ms CreateObjectMapping: 0.117000 ms MarkObjects: 1.874900 ms  DeleteObjects: 0.057100 ms)

========================================================================
Received Prepare
Registering precompiled user dll's ...
Registered in 0.001340 seconds.
Begin MonoManager ReloadAssembly
Native extension for WindowsStandalone target not found
Native extension for WebGL target not found
Refreshing native plugins compatible for Editor in 0.37 ms, found 1 plugins.
Preloading 0 native plugins for Editor in 0.00 ms.
Invoked RoslynAnalysisRunner static constructor.
RoslynAnalysisRunner will not be running.
RoslynAnalysisRunner has terminated.
Mono: successfully reloaded assembly
- Completed reload, in  1.014 seconds
Platform modules already initialized, skipping
Refreshing native plugins compatible for Editor in 0.37 ms, found 1 plugins.
Preloading 0 native plugins for Editor in 0.00 ms.
Unloading 1817 Unused Serialized files (Serialized files now loaded: 0)
System memory in use before: 89.0 MB.
System memory in use after: 89.1 MB.

Unloading 8 unused Assets to reduce memory usage. Loaded Objects now: 2333.
Total: 2.941100 ms (FindLiveObjects: 0.304900 ms CreateObjectMapping: 0.127200 ms MarkObjects: 2.453800 ms  DeleteObjects: 0.053800 ms)

========================================================================
Received Import Request.
  Time since last request: 250.348548 seconds.
  path: Assets/Enemies/Boss.prefab
  artifactKey: Guid(ce8e8e9ea1a645b4c8a20c08f1839272) Importer(815301076,1909f56bfc062723c751e8b465ee728b)
Start importing Assets/Enemies/Boss.prefab using Guid(ce8e8e9ea1a645b4c8a20c08f1839272) Importer(815301076,1909f56bfc062723c751e8b465ee728b)  -> (artifact id: 'a93faa0b80cbab69a16dbf26aef18e28') in 0.088947 seconds
  Import took 0.094454 seconds .

========================================================================
Received Import Request.
  Time since last request: 7.718331 seconds.
  path: Assets/Enemies/Boss.prefab
  artifactKey: Guid(ce8e8e9ea1a645b4c8a20c08f1839272) Importer(815301076,1909f56bfc062723c751e8b465ee728b)
Start importing Assets/Enemies/Boss.prefab using Guid(ce8e8e9ea1a645b4c8a20c08f1839272) Importer(815301076,1909f56bfc062723c751e8b465ee728b)  -> (artifact id: '1641de0c051bb8c9e95a6f3efa018400') in 0.019786 seconds
  Import took 0.027303 seconds .

========================================================================
Received Import Request.
  Time since last request: 1.986339 seconds.
  path: Assets/Enemies/Boss.prefab
  artifactKey: Guid(ce8e8e9ea1a645b4c8a20c08f1839272) Importer(815301076,1909f56bfc062723c751e8b465ee728b)
Start importing Assets/Enemies/Boss.prefab using Guid(ce8e8e9ea1a645b4c8a20c08f1839272) Importer(815301076,1909f56bfc062723c751e8b465ee728b)  -> (artifact id: '023e5ed1802bbfd6a1b51af75378ea58') in 0.024563 seconds
  Import took 0.030312 seconds .

========================================================================
Received Import Request.
  Time since last request: 1.240764 seconds.
  path: Assets/Enemies/Boss.prefab
  artifactKey: Guid(ce8e8e9ea1a645b4c8a20c08f1839272) Importer(815301076,1909f56bfc062723c751e8b465ee728b)
Start importing Assets/Enemies/Boss.prefab using Guid(ce8e8e9ea1a645b4c8a20c08f1839272) Importer(815301076,1909f56bfc062723c751e8b465ee728b)  -> (artifact id: 'd8a1b7739b3dcaf115f3dcacb890eb0f') in 0.024974 seconds
  Import took 0.030538 seconds .

========================================================================
Received Import Request.
  Time since last request: 10.414097 seconds.
  path: Assets/Enemies/Enemy1.prefab
  artifactKey: Guid(cfe97792f321e4e49aa340cc664fadc1) Importer(815301076,1909f56bfc062723c751e8b465ee728b)
Start importing Assets/Enemies/Enemy1.prefab using Guid(cfe97792f321e4e49aa340cc664fadc1) Importer(815301076,1909f56bfc062723c751e8b465ee728b)  -> (artifact id: '434c5d36b6d2af49aaeff38d8c8a604a') in 0.020452 seconds
  Import took 0.026676 seconds .

========================================================================
Received Import Request.
  Time since last request: 8.876182 seconds.
  path: Assets/Enemies/Enemy1.prefab
  artifactKey: Guid(cfe97792f321e4e49aa340cc664fadc1) Importer(815301076,1909f56bfc062723c751e8b465ee728b)
Start importing Assets/Enemies/Enemy1.prefab using Guid(cfe97792f321e4e49aa340cc664fadc1) Importer(815301076,1909f56bfc062723c751e8b465ee728b)  -> (artifact id: '033119bd29f1a2c81995618e7227534c') in 0.020311 seconds
  Import took 0.025052 seconds .

========================================================================
Received Import Request.
  Time since last request: 6.741397 seconds.
  path: Assets/Enemies/Enemy1.prefab
  artifactKey: Guid(cfe97792f321e4e49aa340cc664fadc1) Importer(815301076,1909f56bfc062723c751e8b465ee728b)
Start importing Assets/Enemies/Enemy1.prefab using Guid(cfe97792f321e4e49aa340cc664fadc1) Importer(815301076,1909f56bfc062723c751e8b465ee728b)  -> (artifact id: 'a1c8b3b9cb8486a2b40976999241f53c') in 0.021220 seconds
  Import took 0.025830 seconds .

========================================================================
Received Import Request.
  Time since last request: 8.729676 seconds.
  path: Assets/Enemies/Boss.prefab
  artifactKey: Guid(ce8e8e9ea1a645b4c8a20c08f1839272) Importer(815301076,1909f56bfc062723c751e8b465ee728b)
Start importing Assets/Enemies/Boss.prefab using Guid(ce8e8e9ea1a645b4c8a20c08f1839272) Importer(815301076,1909f56bfc062723c751e8b465ee728b)  -> (artifact id: '00473ac75013edb2e6070d93ba7e78c9') in 0.020144 seconds
  Import took 0.024309 seconds .

========================================================================
Received Import Request.
  Time since last request: 14.066924 seconds.
  path: Assets/Enemies/Boss.prefab
  artifactKey: Guid(ce8e8e9ea1a645b4c8a20c08f1839272) Importer(815301076,1909f56bfc062723c751e8b465ee728b)
Start importing Assets/Enemies/Boss.prefab using Guid(ce8e8e9ea1a645b4c8a20c08f1839272) Importer(815301076,1909f56bfc062723c751e8b465ee728b)  -> (artifact id: '98324977c008e64cd2fa09a19fc69672') in 0.020694 seconds
  Import took 0.026295 seconds .

========================================================================
Received Import Request.
  Time since last request: 21.745335 seconds.
  path: Assets/Enemies/Enemy1.prefab
  artifactKey: Guid(cfe97792f321e4e49aa340cc664fadc1) Importer(815301076,1909f56bfc062723c751e8b465ee728b)
Start importing Assets/Enemies/Enemy1.prefab using Guid(cfe97792f321e4e49aa340cc664fadc1) Importer(815301076,1909f56bfc062723c751e8b465ee728b)  -> (artifact id: '0711f34032ea4c1feb3690b13c9c504f') in 0.020778 seconds
  Import took 0.024770 seconds .

========================================================================
Received Prepare
Registering precompiled user dll's ...
Registered in 0.001317 seconds.
Begin MonoManager ReloadAssembly
Native extension for WindowsStandalone target not found
Native extension for WebGL target not found
Refreshing native plugins compatible for Editor in 0.41 ms, found 1 plugins.
Preloading 0 native plugins for Editor in 0.00 ms.
Invoked RoslynAnalysisRunner static constructor.
RoslynAnalysisRunner will not be running.
RoslynAnalysisRunner has terminated.
Mono: successfully reloaded assembly
- Completed reload, in  1.036 seconds
Platform modules already initialized, skipping
Refreshing native plugins compatible for Editor in 0.40 ms, found 1 plugins.
Preloading 0 native plugins for Editor in 0.00 ms.
Unloading 1817 Unused Serialized files (Serialized files now loaded: 0)
System memory in use before: 89.0 MB.
System memory in use after: 89.1 MB.

Unloading 9 unused Assets to reduce memory usage. Loaded Objects now: 2338.
Total: 2.641100 ms (FindLiveObjects: 0.314400 ms CreateObjectMapping: 0.133800 ms MarkObjects: 2.123000 ms  DeleteObjects: 0.068100 ms)

========================================================================
Received Prepare
Registering precompiled user dll's ...
Registered in 0.003282 seconds.
Begin MonoManager ReloadAssembly
Native extension for WindowsStandalone target not found
Native extension for WebGL target not found
Refreshing native plugins compatible for Editor in 0.40 ms, found 1 plugins.
Preloading 0 native plugins for Editor in 0.00 ms.
Invoked RoslynAnalysisRunner static constructor.
RoslynAnalysisRunner will not be running.
RoslynAnalysisRunner has terminated.
Mono: successfully reloaded assembly
- Completed reload, in  1.074 seconds
Platform modules already initialized, skipping
Refreshing native plugins compatible for Editor in 0.40 ms, found 1 plugins.
Preloading 0 native plugins for Editor in 0.00 ms.
Unloading 1817 Unused Serialized files (Serialized files now loaded: 0)
System memory in use before: 89.1 MB.
System memory in use after: 89.1 MB.

Unloading 8 unused Assets to reduce memory usage. Loaded Objects now: 2342.
Total: 2.343700 ms (FindLiveObjects: 0.246900 ms CreateObjectMapping: 0.097000 ms MarkObjects: 1.944000 ms  DeleteObjects: 0.054300 ms)

========================================================================
Received Prepare
Registering precompiled user dll's ...
Registered in 0.001632 seconds.
Begin MonoManager ReloadAssembly
Native extension for WindowsStandalone target not found
Native extension for WebGL target not found
Refreshing native plugins compatible for Editor in 0.36 ms, found 1 plugins.
Preloading 0 native plugins for Editor in 0.00 ms.
Invoked RoslynAnalysisRunner static constructor.
RoslynAnalysisRunner will not be running.
RoslynAnalysisRunner has terminated.
Mono: successfully reloaded assembly
- Completed reload, in  1.057 seconds
Platform modules already initialized, skipping
Refreshing native plugins compatible for Editor in 0.38 ms, found 1 plugins.
Preloading 0 native plugins for Editor in 0.00 ms.
Unloading 1817 Unused Serialized files (Serialized files now loaded: 0)
System memory in use before: 89.1 MB.
System memory in use after: 89.2 MB.

Unloading 8 unused Assets to reduce memory usage. Loaded Objects now: 2346.
Total: 2.593300 ms (FindLiveObjects: 0.255300 ms CreateObjectMapping: 0.114600 ms MarkObjects: 2.167900 ms  DeleteObjects: 0.054000 ms)

========================================================================
Received Import Request.
  Time since last request: 209.583433 seconds.
  path: Assets/Enemies/Enemy1.prefab
  artifactKey: Guid(cfe97792f321e4e49aa340cc664fadc1) Importer(815301076,1909f56bfc062723c751e8b465ee728b)
Start importing Assets/Enemies/Enemy1.prefab using Guid(cfe97792f321e4e49aa340cc664fadc1) Importer(815301076,1909f56bfc062723c751e8b465ee728b)  -> (artifact id: 'cb3b132993c3ae0e096875ad5b97fda9') in 0.083207 seconds
  Import took 0.089796 seconds .

========================================================================
Received Import Request.
  Time since last request: 0.785411 seconds.
  path: Assets/Enemies/Boss.prefab
  artifactKey: Guid(ce8e8e9ea1a645b4c8a20c08f1839272) Importer(815301076,1909f56bfc062723c751e8b465ee728b)
Start importing Assets/Enemies/Boss.prefab using Guid(ce8e8e9ea1a645b4c8a20c08f1839272) Importer(815301076,1909f56bfc062723c751e8b465ee728b)  -> (artifact id: '5363b30b5bcff2ca2c309c535554d287') in 0.017224 seconds
  Import took 0.022065 seconds .

========================================================================
Received Prepare
Registering precompiled user dll's ...
Registered in 0.001296 seconds.
Begin MonoManager ReloadAssembly
Native extension for WindowsStandalone target not found
Native extension for WebGL target not found
Refreshing native plugins compatible for Editor in 0.40 ms, found 1 plugins.
Preloading 0 native plugins for Editor in 0.00 ms.
Invoked RoslynAnalysisRunner static constructor.
RoslynAnalysisRunner will not be running.
RoslynAnalysisRunner has terminated.
Mono: successfully reloaded assembly
- Completed reload, in  0.992 seconds
Platform modules already initialized, skipping
Refreshing native plugins compatible for Editor in 0.47 ms, found 1 plugins.
Preloading 0 native plugins for Editor in 0.00 ms.
Unloading 1817 Unused Serialized files (Serialized files now loaded: 0)
System memory in use before: 89.1 MB.
System memory in use after: 89.2 MB.

Unloading 9 unused Assets to reduce memory usage. Loaded Objects now: 2351.
Total: 2.540600 ms (FindLiveObjects: 0.247700 ms CreateObjectMapping: 0.094400 ms MarkObjects: 2.102900 ms  DeleteObjects: 0.094100 ms)

========================================================================
Received Prepare
Registering precompiled user dll's ...
Registered in 0.001711 seconds.
Begin MonoManager ReloadAssembly
Native extension for WindowsStandalone target not found
Native extension for WebGL target not found
Refreshing native plugins compatible for Editor in 0.36 ms, found 1 plugins.
Preloading 0 native plugins for Editor in 0.00 ms.
Invoked RoslynAnalysisRunner static constructor.
RoslynAnalysisRunner will not be running.
RoslynAnalysisRunner has terminated.
Mono: successfully reloaded assembly
- Completed reload, in  1.070 seconds
Platform modules already initialized, skipping
Refreshing native plugins compatible for Editor in 0.40 ms, found 1 plugins.
Preloading 0 native plugins for Editor in 0.00 ms.
Unloading 1817 Unused Serialized files (Serialized files now loaded: 0)
System memory in use before: 89.1 MB.
System memory in use after: 89.2 MB.

Unloading 8 unused Assets to reduce memory usage. Loaded Objects now: 2355.
Total: 2.345200 ms (FindLiveObjects: 0.307500 ms CreateObjectMapping: 0.111100 ms MarkObjects: 1.868200 ms  DeleteObjects: 0.056500 ms)

========================================================================
Received Prepare
Registering precompiled user dll's ...
Registered in 0.001972 seconds.
Begin MonoManager ReloadAssembly
Native extension for WindowsStandalone target not found
Native extension for WebGL target not found
Refreshing native plugins compatible for Editor in 0.40 ms, found 1 plugins.
Preloading 0 native plugins for Editor in 0.00 ms.
Invoked RoslynAnalysisRunner static constructor.
RoslynAnalysisRunner will not be running.
RoslynAnalysisRunner has terminated.
Mono: successfully reloaded assembly
- Completed reload, in  0.987 seconds
Platform modules already initialized, skipping
Refreshing native plugins compatible for Editor in 0.40 ms, found 1 plugins.
Preloading 0 native plugins for Editor in 0.00 ms.
Unloading 1817 Unused Serialized files (Serialized files now loaded: 0)
System memory in use before: 89.1 MB.
System memory in use after: 89.2 MB.

Unloading 8 unused Assets to reduce memory usage. Loaded Objects now: 2359.
Total: 3.595900 ms (FindLiveObjects: 1.214300 ms CreateObjectMapping: 0.277300 ms MarkObjects: 2.020800 ms  DeleteObjects: 0.081000 ms)

