Using pre-set license
Built from '2020.3/staging' branch; Version is '2020.3.3f1 (76626098c1c4) revision 7758432'; Using compiler version '192528614'; Build Type 'Release'
OS: 'Windows 10 Home; OS build 19044.1586; Version 2009; 64bit' Language: 'hu' Physical Memory: 8101 MB
BatchMode: 1, IsHumanControllingUs: 0, StartBugReporterOnCrash: 0, Is64bit: 1, IsPro: 0

 COMMAND LINE ARGUMENTS:
C:\Program Files\Unity\Hub\Editor\2020.3.3f1\Editor\Unity.exe
-adb2
-batchMode
-noUpm
-name
AssetImportWorker1
-projectPath
D:/Unity/2021_projects/Github games/delay_is_inevitable
-logFile
Logs/AssetImportWorker1.log
-srvPort
14368
Successfully changed project path to: D:/Unity/2021_projects/Github games/delay_is_inevitable
D:/Unity/2021_projects/Github games/delay_is_inevitable
Using Asset Import Pipeline V2.
Refreshing native plugins compatible for Editor in 41.64 ms, found 1 plugins.
Preloading 0 native plugins for Editor in 0.00 ms.
Initialize engine version: 2020.3.3f1 (76626098c1c4)
[Subsystems] Discovering subsystems at path C:/Program Files/Unity/Hub/Editor/2020.3.3f1/Editor/Data/Resources/UnitySubsystems
[Subsystems] Discovering subsystems at path D:/Unity/2021_projects/Github games/delay_is_inevitable/Assets
GfxDevice: creating device client; threaded=0
Direct3D:
    Version:  Direct3D 11.0 [level 11.1]
    Renderer: NVIDIA GeForce GTX 1050 (ID=0x1c8d)
    Vendor:   
    VRAM:     4019 MB
    Driver:   25.21.14.1735
Initialize mono
Mono path[0] = 'C:/Program Files/Unity/Hub/Editor/2020.3.3f1/Editor/Data/Managed'
Mono path[1] = 'C:/Program Files/Unity/Hub/Editor/2020.3.3f1/Editor/Data/MonoBleedingEdge/lib/mono/unityjit'
Mono config path = 'C:/Program Files/Unity/Hub/Editor/2020.3.3f1/Editor/Data/MonoBleedingEdge/etc'
Using monoOptions --debugger-agent=transport=dt_socket,embedding=1,server=y,suspend=n,address=127.0.0.1:56192
Begin MonoManager ReloadAssembly
Registering precompiled unity dll's ...
Register platform support module: C:/Program Files/Unity/Hub/Editor/2020.3.3f1/Editor/Data/PlaybackEngines/WebGLSupport/UnityEditor.WebGL.Extensions.dll
Register platform support module: C:/Program Files/Unity/Hub/Editor/2020.3.3f1/Editor/Data/PlaybackEngines/WindowsStandaloneSupport/UnityEditor.WindowsStandalone.Extensions.dll
Registered in 0.003317 seconds.
Native extension for WindowsStandalone target not found
Native extension for WebGL target not found
Refreshing native plugins compatible for Editor in 53.37 ms, found 1 plugins.
Preloading 0 native plugins for Editor in 0.00 ms.
Invoked RoslynAnalysisRunner static constructor.
RoslynAnalysisRunner will not be running.
RoslynAnalysisRunner has terminated.
Mono: successfully reloaded assembly
- Completed reload, in  5.625 seconds
Platform modules already initialized, skipping
Registering precompiled user dll's ...
Registered in 0.001273 seconds.
Begin MonoManager ReloadAssembly
Native extension for WindowsStandalone target not found
Native extension for WebGL target not found
Refreshing native plugins compatible for Editor in 38.44 ms, found 1 plugins.
Preloading 0 native plugins for Editor in 0.00 ms.
Invoked RoslynAnalysisRunner static constructor.
RoslynAnalysisRunner will not be running.
RoslynAnalysisRunner has terminated.
Mono: successfully reloaded assembly
- Completed reload, in  1.020 seconds
Platform modules already initialized, skipping
========================================================================
Worker process is ready to serve import requests
Launched and connected shader compiler UnityShaderCompiler.exe after 0.05 seconds
Refreshing native plugins compatible for Editor in 0.40 ms, found 1 plugins.
Preloading 0 native plugins for Editor in 0.00 ms.
Unloading 1825 Unused Serialized files (Serialized files now loaded: 0)
System memory in use before: 85.9 MB.
System memory in use after: 85.8 MB.

Unloading 24 unused Assets to reduce memory usage. Loaded Objects now: 2272.
Total: 2.745400 ms (FindLiveObjects: 0.352200 ms CreateObjectMapping: 0.156500 ms MarkObjects: 2.090200 ms  DeleteObjects: 0.144000 ms)

========================================================================
Received Import Request.
  path: Assets/Anim/EndGame.anim
  artifactKey: Guid(87cac911342ec5a4797d076e8b2671cc) Importer(815301076,1909f56bfc062723c751e8b465ee728b)
Start importing Assets/Anim/EndGame.anim using Guid(87cac911342ec5a4797d076e8b2671cc) Importer(815301076,1909f56bfc062723c751e8b465ee728b)  -> (artifact id: 'b81c1261ed80009cd464e3c3a23a98ec') in 0.041675 seconds
  Import took 0.045907 seconds .

========================================================================
Received Import Request.
  Time since last request: 0.004669 seconds.
  path: Assets/Anim/EndGame.anim
  artifactKey: Guid(87cac911342ec5a4797d076e8b2671cc) Importer(815301076,1909f56bfc062723c751e8b465ee728b)
Start importing Assets/Anim/EndGame.anim using Guid(87cac911342ec5a4797d076e8b2671cc) Importer(815301076,1909f56bfc062723c751e8b465ee728b)  -> (artifact id: 'b81c1261ed80009cd464e3c3a23a98ec') in 0.002891 seconds
  Import took 0.005942 seconds .

========================================================================
Received Prepare
Registering precompiled user dll's ...
Registered in 0.001268 seconds.
Begin MonoManager ReloadAssembly
Native extension for WindowsStandalone target not found
Native extension for WebGL target not found
Refreshing native plugins compatible for Editor in 0.42 ms, found 1 plugins.
Preloading 0 native plugins for Editor in 0.00 ms.
Invoked RoslynAnalysisRunner static constructor.
RoslynAnalysisRunner will not be running.
RoslynAnalysisRunner has terminated.
Mono: successfully reloaded assembly
- Completed reload, in  1.001 seconds
Platform modules already initialized, skipping
Refreshing native plugins compatible for Editor in 0.41 ms, found 1 plugins.
Preloading 0 native plugins for Editor in 0.00 ms.
Unloading 1820 Unused Serialized files (Serialized files now loaded: 0)
System memory in use before: 85.9 MB.
System memory in use after: 85.8 MB.

Unloading 12 unused Assets to reduce memory usage. Loaded Objects now: 2276.
Total: 3.688700 ms (FindLiveObjects: 0.336500 ms CreateObjectMapping: 0.142500 ms MarkObjects: 3.041200 ms  DeleteObjects: 0.166800 ms)

========================================================================
Received Import Request.
  Time since last request: 30.518344 seconds.
  path: Assets/Anim/EndGame.anim
  artifactKey: Guid(87cac911342ec5a4797d076e8b2671cc) Importer(815301076,1909f56bfc062723c751e8b465ee728b)
Start importing Assets/Anim/EndGame.anim using Guid(87cac911342ec5a4797d076e8b2671cc) Importer(815301076,1909f56bfc062723c751e8b465ee728b)  -> (artifact id: '46a65c5e16464ca9047df22503c57c29') in 0.013599 seconds
  Import took 0.019555 seconds .

========================================================================
Received Prepare
Refreshing native plugins compatible for Editor in 2.16 ms, found 1 plugins.
Preloading 0 native plugins for Editor in 0.00 ms.
Unloading 10 Unused Serialized files (Serialized files now loaded: 0)
System memory in use before: 50.1 MB.
System memory in use after: 50.1 MB.

Unloading 10 unused Assets to reduce memory usage. Loaded Objects now: 2276.
Total: 3.709100 ms (FindLiveObjects: 0.230900 ms CreateObjectMapping: 0.086000 ms MarkObjects: 3.262000 ms  DeleteObjects: 0.129000 ms)

========================================================================
Received Import Request.
  Time since last request: 3830.137443 seconds.
  path: Assets/music
  artifactKey: Guid(ca6d14f02130d80459621c1deffa407f) Importer(815301076,1909f56bfc062723c751e8b465ee728b)
Start importing Assets/music using Guid(ca6d14f02130d80459621c1deffa407f) Importer(815301076,1909f56bfc062723c751e8b465ee728b)  -> (artifact id: 'b65833a2a032310b1615e02dc1745ea9') in 0.004633 seconds
  Import took 0.008294 seconds .

========================================================================
Received Import Request.
  Time since last request: 0.000729 seconds.
  path: Assets/music
  artifactKey: Guid(ca6d14f02130d80459621c1deffa407f) Importer(815301076,1909f56bfc062723c751e8b465ee728b)
Start importing Assets/music using Guid(ca6d14f02130d80459621c1deffa407f) Importer(815301076,1909f56bfc062723c751e8b465ee728b)  -> (artifact id: 'b65833a2a032310b1615e02dc1745ea9') in 0.002289 seconds
  Import took 0.006068 seconds .

========================================================================
Received Import Request.
  Time since last request: 2.004401 seconds.
  path: Assets/music/exposion.sfs
  artifactKey: Guid(94c5ea73c3cdaff4ea25434ead6f7626) Importer(815301076,1909f56bfc062723c751e8b465ee728b)
Start importing Assets/music/exposion.sfs using Guid(94c5ea73c3cdaff4ea25434ead6f7626) Importer(815301076,1909f56bfc062723c751e8b465ee728b)  -> (artifact id: 'ea1b3018aeaef7a1189bf3701e8420e1') in 0.008228 seconds
  Import took 0.011900 seconds .

========================================================================
Received Import Request.
  Time since last request: 67.233632 seconds.
  path: Assets/music/exposion.wav
  artifactKey: Guid(a88aeb833eb89064e999dc22c083b4dc) Importer(815301076,1909f56bfc062723c751e8b465ee728b)
Start importing Assets/music/exposion.wav using Guid(a88aeb833eb89064e999dc22c083b4dc) Importer(815301076,1909f56bfc062723c751e8b465ee728b)  -> (artifact id: '1daf0497668abd80d2ae682678c26a07') in 0.134065 seconds
  Import took 0.138471 seconds .

========================================================================
Received Import Request.
  Time since last request: 0.000380 seconds.
  path: Assets/music/laser.wav
  artifactKey: Guid(e38f846da13e525419c261e04953c9ae) Importer(815301076,1909f56bfc062723c751e8b465ee728b)
Start importing Assets/music/laser.wav using Guid(e38f846da13e525419c261e04953c9ae) Importer(815301076,1909f56bfc062723c751e8b465ee728b)  -> (artifact id: '243a62f337d11349eb27c42bcc7d5a72') in 0.008815 seconds
  Import took 0.013667 seconds .

========================================================================
Received Import Request.
  Time since last request: 0.000382 seconds.
  path: Assets/music/exposion2.wav
  artifactKey: Guid(f4ae64d6d3e80a74280640bec2d8773c) Importer(815301076,1909f56bfc062723c751e8b465ee728b)
Start importing Assets/music/exposion2.wav using Guid(f4ae64d6d3e80a74280640bec2d8773c) Importer(815301076,1909f56bfc062723c751e8b465ee728b)  -> (artifact id: '10d95f1cbf8b74bdf2f33526ef586c22') in 0.009856 seconds
  Import took 0.014904 seconds .

========================================================================
Received Import Request.
  Time since last request: 0.000424 seconds.
  path: Assets/music/shoot.wav
  artifactKey: Guid(3c29bf62ec14f734fa87f5c815578ceb) Importer(815301076,1909f56bfc062723c751e8b465ee728b)
Start importing Assets/music/shoot.wav using Guid(3c29bf62ec14f734fa87f5c815578ceb) Importer(815301076,1909f56bfc062723c751e8b465ee728b)  -> (artifact id: '784a04989e469818bd73e1115b8ee086') in 0.009416 seconds
  Import took 0.013743 seconds .

========================================================================
Received Prepare
Registering precompiled user dll's ...
Registered in 0.001258 seconds.
Begin MonoManager ReloadAssembly
Native extension for WindowsStandalone target not found
Native extension for WebGL target not found
Refreshing native plugins compatible for Editor in 0.45 ms, found 1 plugins.
Preloading 0 native plugins for Editor in 0.00 ms.
Invoked RoslynAnalysisRunner static constructor.
RoslynAnalysisRunner will not be running.
RoslynAnalysisRunner has terminated.
Mono: successfully reloaded assembly
- Completed reload, in  1.067 seconds
Platform modules already initialized, skipping
Refreshing native plugins compatible for Editor in 0.42 ms, found 1 plugins.
Preloading 0 native plugins for Editor in 0.00 ms.
Unloading 1820 Unused Serialized files (Serialized files now loaded: 0)
System memory in use before: 89.0 MB.
System memory in use after: 89.0 MB.

Unloading 12 unused Assets to reduce memory usage. Loaded Objects now: 2289.
Total: 5.678800 ms (FindLiveObjects: 0.468800 ms CreateObjectMapping: 0.202800 ms MarkObjects: 4.838700 ms  DeleteObjects: 0.166100 ms)

========================================================================
Received Import Request.
  Time since last request: 159.829576 seconds.
  path: Assets/music/shoot.prefab
  artifactKey: Guid(771423f586ef4f84e87c7bc44431670b) Importer(815301076,1909f56bfc062723c751e8b465ee728b)
Start importing Assets/music/shoot.prefab using Guid(771423f586ef4f84e87c7bc44431670b) Importer(815301076,1909f56bfc062723c751e8b465ee728b)  -> (artifact id: '3b48614bb2a9b5d0e82a01a88e2b1895') in 0.029551 seconds
  Import took 0.034382 seconds .

========================================================================
Received Prepare
Registering precompiled user dll's ...
Registered in 0.001350 seconds.
Begin MonoManager ReloadAssembly
Native extension for WindowsStandalone target not found
Native extension for WebGL target not found
Refreshing native plugins compatible for Editor in 0.41 ms, found 1 plugins.
Preloading 0 native plugins for Editor in 0.00 ms.
Invoked RoslynAnalysisRunner static constructor.
RoslynAnalysisRunner will not be running.
RoslynAnalysisRunner has terminated.
Mono: successfully reloaded assembly
- Completed reload, in  0.952 seconds
Platform modules already initialized, skipping
Refreshing native plugins compatible for Editor in 0.41 ms, found 1 plugins.
Preloading 0 native plugins for Editor in 0.00 ms.
Unloading 1820 Unused Serialized files (Serialized files now loaded: 0)
System memory in use before: 89.1 MB.
System memory in use after: 89.1 MB.

Unloading 12 unused Assets to reduce memory usage. Loaded Objects now: 2293.
Total: 4.074600 ms (FindLiveObjects: 0.381200 ms CreateObjectMapping: 0.139100 ms MarkObjects: 3.360500 ms  DeleteObjects: 0.191600 ms)

========================================================================
Received Prepare
Registering precompiled user dll's ...
Registered in 0.001668 seconds.
Begin MonoManager ReloadAssembly
Native extension for WindowsStandalone target not found
Native extension for WebGL target not found
Refreshing native plugins compatible for Editor in 0.41 ms, found 1 plugins.
Preloading 0 native plugins for Editor in 0.00 ms.
Invoked RoslynAnalysisRunner static constructor.
RoslynAnalysisRunner will not be running.
RoslynAnalysisRunner has terminated.
Mono: successfully reloaded assembly
- Completed reload, in  0.995 seconds
Platform modules already initialized, skipping
Refreshing native plugins compatible for Editor in 0.41 ms, found 1 plugins.
Preloading 0 native plugins for Editor in 0.00 ms.
Unloading 1820 Unused Serialized files (Serialized files now loaded: 0)
System memory in use before: 89.1 MB.
System memory in use after: 89.1 MB.

Unloading 12 unused Assets to reduce memory usage. Loaded Objects now: 2297.
Total: 2.736600 ms (FindLiveObjects: 0.454600 ms CreateObjectMapping: 0.203000 ms MarkObjects: 1.964200 ms  DeleteObjects: 0.113300 ms)

========================================================================
Received Import Request.
  Time since last request: 149.148289 seconds.
  path: Assets/Enemies/Boss.prefab
  artifactKey: Guid(ce8e8e9ea1a645b4c8a20c08f1839272) Importer(815301076,1909f56bfc062723c751e8b465ee728b)
Start importing Assets/Enemies/Boss.prefab using Guid(ce8e8e9ea1a645b4c8a20c08f1839272) Importer(815301076,1909f56bfc062723c751e8b465ee728b)  -> (artifact id: 'a72871fa696267d13bbf808dcd575187') in 0.101229 seconds
  Import took 0.105898 seconds .

========================================================================
Received Import Request.
  Time since last request: 0.000403 seconds.
  path: Assets/Enemies/Enemy1.prefab
  artifactKey: Guid(cfe97792f321e4e49aa340cc664fadc1) Importer(815301076,1909f56bfc062723c751e8b465ee728b)
Start importing Assets/Enemies/Enemy1.prefab using Guid(cfe97792f321e4e49aa340cc664fadc1) Importer(815301076,1909f56bfc062723c751e8b465ee728b)  -> (artifact id: 'cb63b6aa7cbfa0421e5a440f93ed603f') in 0.017547 seconds
  Import took 0.022246 seconds .

========================================================================
Received Prepare
Registering precompiled user dll's ...
Registered in 0.001223 seconds.
Begin MonoManager ReloadAssembly
Native extension for WindowsStandalone target not found
Native extension for WebGL target not found
Refreshing native plugins compatible for Editor in 0.41 ms, found 1 plugins.
Preloading 0 native plugins for Editor in 0.00 ms.
Invoked RoslynAnalysisRunner static constructor.
RoslynAnalysisRunner will not be running.
RoslynAnalysisRunner has terminated.
Mono: successfully reloaded assembly
- Completed reload, in  1.096 seconds
Platform modules already initialized, skipping
Refreshing native plugins compatible for Editor in 0.41 ms, found 1 plugins.
Preloading 0 native plugins for Editor in 0.00 ms.
Unloading 1820 Unused Serialized files (Serialized files now loaded: 0)
System memory in use before: 89.2 MB.
System memory in use after: 89.1 MB.

Unloading 13 unused Assets to reduce memory usage. Loaded Objects now: 2302.
Total: 2.705500 ms (FindLiveObjects: 0.403600 ms CreateObjectMapping: 0.206500 ms MarkObjects: 1.959100 ms  DeleteObjects: 0.134700 ms)

========================================================================
Received Prepare
Registering precompiled user dll's ...
Registered in 0.001289 seconds.
Begin MonoManager ReloadAssembly
Native extension for WindowsStandalone target not found
Native extension for WebGL target not found
Refreshing native plugins compatible for Editor in 0.41 ms, found 1 plugins.
Preloading 0 native plugins for Editor in 0.00 ms.
Invoked RoslynAnalysisRunner static constructor.
RoslynAnalysisRunner will not be running.
RoslynAnalysisRunner has terminated.
Mono: successfully reloaded assembly
- Completed reload, in  1.028 seconds
Platform modules already initialized, skipping
Refreshing native plugins compatible for Editor in 0.40 ms, found 1 plugins.
Preloading 0 native plugins for Editor in 0.00 ms.
Unloading 1820 Unused Serialized files (Serialized files now loaded: 0)
System memory in use before: 89.2 MB.
System memory in use after: 89.1 MB.

Unloading 12 unused Assets to reduce memory usage. Loaded Objects now: 2306.
Total: 2.830900 ms (FindLiveObjects: 0.334600 ms CreateObjectMapping: 0.186000 ms MarkObjects: 2.179300 ms  DeleteObjects: 0.128500 ms)

========================================================================
Received Prepare
Registering precompiled user dll's ...
Registered in 0.001393 seconds.
Begin MonoManager ReloadAssembly
Native extension for WindowsStandalone target not found
Native extension for WebGL target not found
Refreshing native plugins compatible for Editor in 0.43 ms, found 1 plugins.
Preloading 0 native plugins for Editor in 0.00 ms.
Invoked RoslynAnalysisRunner static constructor.
RoslynAnalysisRunner will not be running.
RoslynAnalysisRunner has terminated.
Mono: successfully reloaded assembly
- Completed reload, in  0.961 seconds
Platform modules already initialized, skipping
Refreshing native plugins compatible for Editor in 0.40 ms, found 1 plugins.
Preloading 0 native plugins for Editor in 0.00 ms.
Unloading 1820 Unused Serialized files (Serialized files now loaded: 0)
System memory in use before: 89.2 MB.
System memory in use after: 89.2 MB.

Unloading 12 unused Assets to reduce memory usage. Loaded Objects now: 2310.
Total: 2.582600 ms (FindLiveObjects: 0.277300 ms CreateObjectMapping: 0.093900 ms MarkObjects: 2.080700 ms  DeleteObjects: 0.129000 ms)

========================================================================
Received Import Request.
  Time since last request: 142.738953 seconds.
  path: Assets/Enemies/Boss.prefab
  artifactKey: Guid(ce8e8e9ea1a645b4c8a20c08f1839272) Importer(815301076,1909f56bfc062723c751e8b465ee728b)
Start importing Assets/Enemies/Boss.prefab using Guid(ce8e8e9ea1a645b4c8a20c08f1839272) Importer(815301076,1909f56bfc062723c751e8b465ee728b)  -> (artifact id: '334ba27e18e25d6e491f17662bddc1a0') in 0.082624 seconds
  Import took 0.087037 seconds .

========================================================================
Received Prepare
Registering precompiled user dll's ...
Registered in 0.001242 seconds.
Begin MonoManager ReloadAssembly
Native extension for WindowsStandalone target not found
Native extension for WebGL target not found
Refreshing native plugins compatible for Editor in 0.45 ms, found 1 plugins.
Preloading 0 native plugins for Editor in 0.00 ms.
Invoked RoslynAnalysisRunner static constructor.
RoslynAnalysisRunner will not be running.
RoslynAnalysisRunner has terminated.
Mono: successfully reloaded assembly
- Completed reload, in  0.946 seconds
Platform modules already initialized, skipping
Refreshing native plugins compatible for Editor in 0.43 ms, found 1 plugins.
Preloading 0 native plugins for Editor in 0.00 ms.
Unloading 1820 Unused Serialized files (Serialized files now loaded: 0)
System memory in use before: 89.2 MB.
System memory in use after: 89.2 MB.

Unloading 13 unused Assets to reduce memory usage. Loaded Objects now: 2315.
Total: 2.379400 ms (FindLiveObjects: 0.187100 ms CreateObjectMapping: 0.067900 ms MarkObjects: 2.007700 ms  DeleteObjects: 0.115600 ms)

========================================================================
Received Import Request.
  Time since last request: 5.202876 seconds.
  path: Assets/Enemies/Enemy1.prefab
  artifactKey: Guid(cfe97792f321e4e49aa340cc664fadc1) Importer(815301076,1909f56bfc062723c751e8b465ee728b)
Start importing Assets/Enemies/Enemy1.prefab using Guid(cfe97792f321e4e49aa340cc664fadc1) Importer(815301076,1909f56bfc062723c751e8b465ee728b)  -> (artifact id: '54e3656bf3dbd8f2bd66062d3a1bbc97') in 0.079881 seconds
  Import took 0.084233 seconds .

========================================================================
Received Import Request.
  Time since last request: 1.048821 seconds.
  path: Assets/Enemies/Boss.prefab
  artifactKey: Guid(ce8e8e9ea1a645b4c8a20c08f1839272) Importer(815301076,1909f56bfc062723c751e8b465ee728b)
Start importing Assets/Enemies/Boss.prefab using Guid(ce8e8e9ea1a645b4c8a20c08f1839272) Importer(815301076,1909f56bfc062723c751e8b465ee728b)  -> (artifact id: 'ae18ef179141799cd8f8980280ab7ee7') in 0.017119 seconds
  Import took 0.021240 seconds .

========================================================================
Received Prepare
Registering precompiled user dll's ...
Registered in 0.001368 seconds.
Begin MonoManager ReloadAssembly
Native extension for WindowsStandalone target not found
Native extension for WebGL target not found
Refreshing native plugins compatible for Editor in 0.36 ms, found 1 plugins.
Preloading 0 native plugins for Editor in 0.00 ms.
Invoked RoslynAnalysisRunner static constructor.
RoslynAnalysisRunner will not be running.
RoslynAnalysisRunner has terminated.
Mono: successfully reloaded assembly
- Completed reload, in  0.953 seconds
Platform modules already initialized, skipping
Refreshing native plugins compatible for Editor in 0.42 ms, found 1 plugins.
Preloading 0 native plugins for Editor in 0.00 ms.
Unloading 1820 Unused Serialized files (Serialized files now loaded: 0)
System memory in use before: 89.2 MB.
System memory in use after: 89.2 MB.

Unloading 13 unused Assets to reduce memory usage. Loaded Objects now: 2320.
Total: 2.524800 ms (FindLiveObjects: 0.234200 ms CreateObjectMapping: 0.162400 ms MarkObjects: 1.988200 ms  DeleteObjects: 0.138700 ms)

========================================================================
Received Prepare
Refreshing native plugins compatible for Editor in 2.12 ms, found 1 plugins.
Preloading 0 native plugins for Editor in 0.00 ms.
Unloading 10 Unused Serialized files (Serialized files now loaded: 0)
System memory in use before: 53.4 MB.
System memory in use after: 53.4 MB.

Unloading 10 unused Assets to reduce memory usage. Loaded Objects now: 2320.
Total: 3.405000 ms (FindLiveObjects: 0.411400 ms CreateObjectMapping: 0.162500 ms MarkObjects: 2.699900 ms  DeleteObjects: 0.128900 ms)

========================================================================
Received Prepare
Registering precompiled user dll's ...
Registered in 0.001629 seconds.
Begin MonoManager ReloadAssembly
Native extension for WindowsStandalone target not found
Native extension for WebGL target not found
Refreshing native plugins compatible for Editor in 0.39 ms, found 1 plugins.
Preloading 0 native plugins for Editor in 0.00 ms.
Invoked RoslynAnalysisRunner static constructor.
RoslynAnalysisRunner will not be running.
RoslynAnalysisRunner has terminated.
Mono: successfully reloaded assembly
- Completed reload, in  1.041 seconds
Platform modules already initialized, skipping
Refreshing native plugins compatible for Editor in 0.50 ms, found 1 plugins.
Preloading 0 native plugins for Editor in 0.00 ms.
Unloading 1820 Unused Serialized files (Serialized files now loaded: 0)
System memory in use before: 89.2 MB.
System memory in use after: 89.2 MB.

Unloading 12 unused Assets to reduce memory usage. Loaded Objects now: 2324.
Total: 3.690200 ms (FindLiveObjects: 0.312700 ms CreateObjectMapping: 0.124600 ms MarkObjects: 3.076800 ms  DeleteObjects: 0.173900 ms)

========================================================================
Received Import Request.
  Time since last request: 883.883729 seconds.
  path: Assets/Enemies/Boss.prefab
  artifactKey: Guid(ce8e8e9ea1a645b4c8a20c08f1839272) Importer(815301076,1909f56bfc062723c751e8b465ee728b)
Start importing Assets/Enemies/Boss.prefab using Guid(ce8e8e9ea1a645b4c8a20c08f1839272) Importer(815301076,1909f56bfc062723c751e8b465ee728b)  -> (artifact id: '6050fb7aa337ddec5415419d9b807b80') in 0.115082 seconds
  Import took 0.121717 seconds .

========================================================================
Received Import Request.
  Time since last request: 0.000430 seconds.
  path: Assets/Enemies/Enemy1.prefab
  artifactKey: Guid(cfe97792f321e4e49aa340cc664fadc1) Importer(815301076,1909f56bfc062723c751e8b465ee728b)
Start importing Assets/Enemies/Enemy1.prefab using Guid(cfe97792f321e4e49aa340cc664fadc1) Importer(815301076,1909f56bfc062723c751e8b465ee728b)  -> (artifact id: 'dec4bc340be8c39cb958201039a534f1') in 0.023845 seconds
  Import took 0.028905 seconds .

========================================================================
Received Import Request.
  Time since last request: 0.005632 seconds.
  path: Assets/Enemies/Enemy1.prefab
  artifactKey: Guid(cfe97792f321e4e49aa340cc664fadc1) Importer(815301076,1909f56bfc062723c751e8b465ee728b)
Start importing Assets/Enemies/Enemy1.prefab using Guid(cfe97792f321e4e49aa340cc664fadc1) Importer(815301076,1909f56bfc062723c751e8b465ee728b)  -> (artifact id: 'dec4bc340be8c39cb958201039a534f1') in 0.017638 seconds
  Import took 0.022794 seconds .

========================================================================
Received Import Request.
  Time since last request: 130.926141 seconds.
  path: Assets/Enemies/Enemy1.prefab
  artifactKey: Guid(cfe97792f321e4e49aa340cc664fadc1) Importer(815301076,1909f56bfc062723c751e8b465ee728b)
Start importing Assets/Enemies/Enemy1.prefab using Guid(cfe97792f321e4e49aa340cc664fadc1) Importer(815301076,1909f56bfc062723c751e8b465ee728b)  -> (artifact id: '0a736ea82c86bc7ed72153ac9c52e99c') in 0.025663 seconds
  Import took 0.032771 seconds .

========================================================================
Received Import Request.
  Time since last request: 29.259155 seconds.
  path: Assets/Enemies/Enemy1.prefab
  artifactKey: Guid(cfe97792f321e4e49aa340cc664fadc1) Importer(815301076,1909f56bfc062723c751e8b465ee728b)
Start importing Assets/Enemies/Enemy1.prefab using Guid(cfe97792f321e4e49aa340cc664fadc1) Importer(815301076,1909f56bfc062723c751e8b465ee728b)  -> (artifact id: '3a9fb87f75a909bfa1dd1b3bb3840530') in 0.020827 seconds
  Import took 0.027553 seconds .

========================================================================
Received Prepare
Registering precompiled user dll's ...
Registered in 0.001266 seconds.
Begin MonoManager ReloadAssembly
Native extension for WindowsStandalone target not found
Native extension for WebGL target not found
Refreshing native plugins compatible for Editor in 0.47 ms, found 1 plugins.
Preloading 0 native plugins for Editor in 0.00 ms.
Invoked RoslynAnalysisRunner static constructor.
RoslynAnalysisRunner will not be running.
RoslynAnalysisRunner has terminated.
Mono: successfully reloaded assembly
- Completed reload, in  0.979 seconds
Platform modules already initialized, skipping
Refreshing native plugins compatible for Editor in 0.41 ms, found 1 plugins.
Preloading 0 native plugins for Editor in 0.00 ms.
Unloading 1820 Unused Serialized files (Serialized files now loaded: 0)
System memory in use before: 89.3 MB.
System memory in use after: 89.2 MB.

Unloading 13 unused Assets to reduce memory usage. Loaded Objects now: 2329.
Total: 2.554800 ms (FindLiveObjects: 0.322900 ms CreateObjectMapping: 0.139500 ms MarkObjects: 1.971500 ms  DeleteObjects: 0.118000 ms)

========================================================================
Received Prepare
Registering precompiled user dll's ...
Registered in 0.002224 seconds.
Begin MonoManager ReloadAssembly
Native extension for WindowsStandalone target not found
Native extension for WebGL target not found
Refreshing native plugins compatible for Editor in 0.40 ms, found 1 plugins.
Preloading 0 native plugins for Editor in 0.00 ms.
Invoked RoslynAnalysisRunner static constructor.
RoslynAnalysisRunner will not be running.
RoslynAnalysisRunner has terminated.
Mono: successfully reloaded assembly
- Completed reload, in  1.077 seconds
Platform modules already initialized, skipping
Refreshing native plugins compatible for Editor in 0.39 ms, found 1 plugins.
Preloading 0 native plugins for Editor in 0.00 ms.
Unloading 1820 Unused Serialized files (Serialized files now loaded: 0)
System memory in use before: 89.3 MB.
System memory in use after: 89.2 MB.

Unloading 12 unused Assets to reduce memory usage. Loaded Objects now: 2333.
Total: 2.577900 ms (FindLiveObjects: 0.325400 ms CreateObjectMapping: 0.107100 ms MarkObjects: 2.027200 ms  DeleteObjects: 0.116600 ms)

========================================================================
Received Prepare
Registering precompiled user dll's ...
Registered in 0.001704 seconds.
Begin MonoManager ReloadAssembly
Native extension for WindowsStandalone target not found
Native extension for WebGL target not found
Refreshing native plugins compatible for Editor in 0.37 ms, found 1 plugins.
Preloading 0 native plugins for Editor in 0.00 ms.
Invoked RoslynAnalysisRunner static constructor.
RoslynAnalysisRunner will not be running.
RoslynAnalysisRunner has terminated.
Mono: successfully reloaded assembly
- Completed reload, in  1.057 seconds
Platform modules already initialized, skipping
Refreshing native plugins compatible for Editor in 0.36 ms, found 1 plugins.
Preloading 0 native plugins for Editor in 0.00 ms.
Unloading 1820 Unused Serialized files (Serialized files now loaded: 0)
System memory in use before: 89.3 MB.
System memory in use after: 89.2 MB.

Unloading 12 unused Assets to reduce memory usage. Loaded Objects now: 2337.
Total: 2.886800 ms (FindLiveObjects: 0.271300 ms CreateObjectMapping: 0.104700 ms MarkObjects: 2.377400 ms  DeleteObjects: 0.131900 ms)

========================================================================
Received Prepare
Registering precompiled user dll's ...
Registered in 0.001278 seconds.
Begin MonoManager ReloadAssembly
Native extension for WindowsStandalone target not found
Native extension for WebGL target not found
Refreshing native plugins compatible for Editor in 0.46 ms, found 1 plugins.
Preloading 0 native plugins for Editor in 0.00 ms.
Invoked RoslynAnalysisRunner static constructor.
RoslynAnalysisRunner will not be running.
RoslynAnalysisRunner has terminated.
Mono: successfully reloaded assembly
- Completed reload, in  1.047 seconds
Platform modules already initialized, skipping
Refreshing native plugins compatible for Editor in 0.37 ms, found 1 plugins.
Preloading 0 native plugins for Editor in 0.00 ms.
Unloading 1820 Unused Serialized files (Serialized files now loaded: 0)
System memory in use before: 89.3 MB.
System memory in use after: 89.3 MB.

Unloading 12 unused Assets to reduce memory usage. Loaded Objects now: 2341.
Total: 2.852700 ms (FindLiveObjects: 0.407600 ms CreateObjectMapping: 0.157400 ms MarkObjects: 2.167800 ms  DeleteObjects: 0.118600 ms)

========================================================================
Received Prepare
Registering precompiled user dll's ...
Registered in 0.001234 seconds.
Begin MonoManager ReloadAssembly
Native extension for WindowsStandalone target not found
Native extension for WebGL target not found
Refreshing native plugins compatible for Editor in 0.42 ms, found 1 plugins.
Preloading 0 native plugins for Editor in 0.00 ms.
Invoked RoslynAnalysisRunner static constructor.
RoslynAnalysisRunner will not be running.
RoslynAnalysisRunner has terminated.
Mono: successfully reloaded assembly
- Completed reload, in  0.962 seconds
Platform modules already initialized, skipping
Refreshing native plugins compatible for Editor in 0.40 ms, found 1 plugins.
Preloading 0 native plugins for Editor in 0.00 ms.
Unloading 1820 Unused Serialized files (Serialized files now loaded: 0)
System memory in use before: 89.3 MB.
System memory in use after: 89.3 MB.

Unloading 12 unused Assets to reduce memory usage. Loaded Objects now: 2345.
Total: 3.669900 ms (FindLiveObjects: 0.610700 ms CreateObjectMapping: 0.125800 ms MarkObjects: 2.802700 ms  DeleteObjects: 0.129000 ms)

========================================================================
Received Prepare
Registering precompiled user dll's ...
Registered in 0.001561 seconds.
Begin MonoManager ReloadAssembly
Native extension for WindowsStandalone target not found
Native extension for WebGL target not found
Refreshing native plugins compatible for Editor in 0.44 ms, found 1 plugins.
Preloading 0 native plugins for Editor in 0.00 ms.
Invoked RoslynAnalysisRunner static constructor.
RoslynAnalysisRunner will not be running.
RoslynAnalysisRunner has terminated.
Mono: successfully reloaded assembly
- Completed reload, in  1.023 seconds
Platform modules already initialized, skipping
Refreshing native plugins compatible for Editor in 0.43 ms, found 1 plugins.
Preloading 0 native plugins for Editor in 0.00 ms.
Unloading 1820 Unused Serialized files (Serialized files now loaded: 0)
System memory in use before: 89.3 MB.
System memory in use after: 89.3 MB.

Unloading 12 unused Assets to reduce memory usage. Loaded Objects now: 2349.
Total: 2.651200 ms (FindLiveObjects: 0.312400 ms CreateObjectMapping: 0.123600 ms MarkObjects: 2.079400 ms  DeleteObjects: 0.134800 ms)

========================================================================
Received Import Request.
  Time since last request: 479.484013 seconds.
  path: Assets/Enemies/Boss.prefab
  artifactKey: Guid(ce8e8e9ea1a645b4c8a20c08f1839272) Importer(815301076,1909f56bfc062723c751e8b465ee728b)
Start importing Assets/Enemies/Boss.prefab using Guid(ce8e8e9ea1a645b4c8a20c08f1839272) Importer(815301076,1909f56bfc062723c751e8b465ee728b)  -> (artifact id: '9c84f36b171bcb8040e24a63c286c847') in 0.088410 seconds
  Import took 0.094086 seconds .

========================================================================
Received Prepare
Registering precompiled user dll's ...
Registered in 0.001722 seconds.
Begin MonoManager ReloadAssembly
Native extension for WindowsStandalone target not found
Native extension for WebGL target not found
Refreshing native plugins compatible for Editor in 0.42 ms, found 1 plugins.
Preloading 0 native plugins for Editor in 0.00 ms.
Invoked RoslynAnalysisRunner static constructor.
RoslynAnalysisRunner will not be running.
RoslynAnalysisRunner has terminated.
Mono: successfully reloaded assembly
- Completed reload, in  0.995 seconds
Platform modules already initialized, skipping
Refreshing native plugins compatible for Editor in 0.39 ms, found 1 plugins.
Preloading 0 native plugins for Editor in 0.00 ms.
Unloading 1820 Unused Serialized files (Serialized files now loaded: 0)
System memory in use before: 89.3 MB.
System memory in use after: 89.3 MB.

Unloading 13 unused Assets to reduce memory usage. Loaded Objects now: 2354.
Total: 2.806200 ms (FindLiveObjects: 0.212700 ms CreateObjectMapping: 0.072000 ms MarkObjects: 2.355100 ms  DeleteObjects: 0.165000 ms)

========================================================================
Received Prepare
Registering precompiled user dll's ...
Registered in 0.001308 seconds.
Begin MonoManager ReloadAssembly
Native extension for WindowsStandalone target not found
Native extension for WebGL target not found
Refreshing native plugins compatible for Editor in 0.68 ms, found 1 plugins.
Preloading 0 native plugins for Editor in 0.00 ms.
Invoked RoslynAnalysisRunner static constructor.
RoslynAnalysisRunner will not be running.
RoslynAnalysisRunner has terminated.
Mono: successfully reloaded assembly
- Completed reload, in  1.074 seconds
Platform modules already initialized, skipping
Refreshing native plugins compatible for Editor in 0.38 ms, found 1 plugins.
Preloading 0 native plugins for Editor in 0.00 ms.
Unloading 1820 Unused Serialized files (Serialized files now loaded: 0)
System memory in use before: 89.3 MB.
System memory in use after: 89.3 MB.

Unloading 12 unused Assets to reduce memory usage. Loaded Objects now: 2358.
Total: 2.930100 ms (FindLiveObjects: 0.394100 ms CreateObjectMapping: 0.250100 ms MarkObjects: 2.155100 ms  DeleteObjects: 0.129000 ms)

========================================================================
Received Import Request.
  Time since last request: 30.359503 seconds.
  path: Assets/Enemies/Boss.prefab
  artifactKey: Guid(ce8e8e9ea1a645b4c8a20c08f1839272) Importer(815301076,1909f56bfc062723c751e8b465ee728b)
Start importing Assets/Enemies/Boss.prefab using Guid(ce8e8e9ea1a645b4c8a20c08f1839272) Importer(815301076,1909f56bfc062723c751e8b465ee728b)  -> (artifact id: '12688bc1ca55f02cee032473ef5a51c5') in 0.090031 seconds
  Import took 0.093902 seconds .

========================================================================
Received Prepare
Registering precompiled user dll's ...
Registered in 0.001235 seconds.
Begin MonoManager ReloadAssembly
Native extension for WindowsStandalone target not found
Native extension for WebGL target not found
Refreshing native plugins compatible for Editor in 0.41 ms, found 1 plugins.
Preloading 0 native plugins for Editor in 0.00 ms.
Invoked RoslynAnalysisRunner static constructor.
RoslynAnalysisRunner will not be running.
RoslynAnalysisRunner has terminated.
Mono: successfully reloaded assembly
- Completed reload, in  1.040 seconds
Platform modules already initialized, skipping
Refreshing native plugins compatible for Editor in 0.41 ms, found 1 plugins.
Preloading 0 native plugins for Editor in 0.00 ms.
Unloading 1820 Unused Serialized files (Serialized files now loaded: 0)
System memory in use before: 89.4 MB.
System memory in use after: 89.3 MB.

Unloading 13 unused Assets to reduce memory usage. Loaded Objects now: 2363.
Total: 4.616700 ms (FindLiveObjects: 0.408500 ms CreateObjectMapping: 0.184100 ms MarkObjects: 3.771500 ms  DeleteObjects: 0.250500 ms)

========================================================================
Received Prepare
Registering precompiled user dll's ...
Registered in 0.001443 seconds.
Begin MonoManager ReloadAssembly
Native extension for WindowsStandalone target not found
Native extension for WebGL target not found
Refreshing native plugins compatible for Editor in 0.43 ms, found 1 plugins.
Preloading 0 native plugins for Editor in 0.00 ms.
Invoked RoslynAnalysisRunner static constructor.
RoslynAnalysisRunner will not be running.
RoslynAnalysisRunner has terminated.
Mono: successfully reloaded assembly
- Completed reload, in  1.087 seconds
Platform modules already initialized, skipping
Refreshing native plugins compatible for Editor in 0.40 ms, found 1 plugins.
Preloading 0 native plugins for Editor in 0.00 ms.
Unloading 1820 Unused Serialized files (Serialized files now loaded: 0)
System memory in use before: 89.4 MB.
System memory in use after: 89.3 MB.

Unloading 12 unused Assets to reduce memory usage. Loaded Objects now: 2367.
Total: 2.567800 ms (FindLiveObjects: 0.319700 ms CreateObjectMapping: 0.095400 ms MarkObjects: 2.041200 ms  DeleteObjects: 0.110200 ms)

========================================================================
Received Prepare
Registering precompiled user dll's ...
Registered in 0.001257 seconds.
Begin MonoManager ReloadAssembly
Native extension for WindowsStandalone target not found
Native extension for WebGL target not found
Refreshing native plugins compatible for Editor in 0.42 ms, found 1 plugins.
Preloading 0 native plugins for Editor in 0.00 ms.
Invoked RoslynAnalysisRunner static constructor.
RoslynAnalysisRunner will not be running.
RoslynAnalysisRunner has terminated.
Mono: successfully reloaded assembly
- Completed reload, in  0.981 seconds
Platform modules already initialized, skipping
Refreshing native plugins compatible for Editor in 0.40 ms, found 1 plugins.
Preloading 0 native plugins for Editor in 0.00 ms.
Unloading 1820 Unused Serialized files (Serialized files now loaded: 0)
System memory in use before: 89.4 MB.
System memory in use after: 89.3 MB.

Unloading 12 unused Assets to reduce memory usage. Loaded Objects now: 2371.
Total: 2.574400 ms (FindLiveObjects: 0.346100 ms CreateObjectMapping: 0.163200 ms MarkObjects: 1.916000 ms  DeleteObjects: 0.145800 ms)

========================================================================
Received Import Request.
  Time since last request: 227.088278 seconds.
  path: Assets/Enemies/Boss.prefab
  artifactKey: Guid(ce8e8e9ea1a645b4c8a20c08f1839272) Importer(815301076,1909f56bfc062723c751e8b465ee728b)
Start importing Assets/Enemies/Boss.prefab using Guid(ce8e8e9ea1a645b4c8a20c08f1839272) Importer(815301076,1909f56bfc062723c751e8b465ee728b)  -> (artifact id: '800cf2cc303721e9a21167dfa755c57e') in 0.085485 seconds
  Import took 0.090170 seconds .

========================================================================
Received Prepare
Registering precompiled user dll's ...
Registered in 0.001413 seconds.
Begin MonoManager ReloadAssembly
Native extension for WindowsStandalone target not found
Native extension for WebGL target not found
Refreshing native plugins compatible for Editor in 0.39 ms, found 1 plugins.
Preloading 0 native plugins for Editor in 0.00 ms.
Invoked RoslynAnalysisRunner static constructor.
RoslynAnalysisRunner will not be running.
RoslynAnalysisRunner has terminated.
Mono: successfully reloaded assembly
- Completed reload, in  1.150 seconds
Platform modules already initialized, skipping
Refreshing native plugins compatible for Editor in 0.36 ms, found 1 plugins.
Preloading 0 native plugins for Editor in 0.00 ms.
Unloading 1820 Unused Serialized files (Serialized files now loaded: 0)
System memory in use before: 89.4 MB.
System memory in use after: 89.4 MB.

Unloading 13 unused Assets to reduce memory usage. Loaded Objects now: 2376.
Total: 3.699600 ms (FindLiveObjects: 0.278600 ms CreateObjectMapping: 0.120000 ms MarkObjects: 3.178000 ms  DeleteObjects: 0.121100 ms)

========================================================================
Received Prepare
Registering precompiled user dll's ...
Registered in 0.001304 seconds.
Begin MonoManager ReloadAssembly
Native extension for WindowsStandalone target not found
Native extension for WebGL target not found
Refreshing native plugins compatible for Editor in 0.41 ms, found 1 plugins.
Preloading 0 native plugins for Editor in 0.00 ms.
Invoked RoslynAnalysisRunner static constructor.
RoslynAnalysisRunner will not be running.
RoslynAnalysisRunner has terminated.
Mono: successfully reloaded assembly
- Completed reload, in  1.248 seconds
Platform modules already initialized, skipping
Refreshing native plugins compatible for Editor in 0.62 ms, found 1 plugins.
Preloading 0 native plugins for Editor in 0.00 ms.
Unloading 1820 Unused Serialized files (Serialized files now loaded: 0)
System memory in use before: 89.4 MB.
System memory in use after: 89.4 MB.

Unloading 12 unused Assets to reduce memory usage. Loaded Objects now: 2380.
Total: 3.188800 ms (FindLiveObjects: 0.372100 ms CreateObjectMapping: 0.172200 ms MarkObjects: 2.482800 ms  DeleteObjects: 0.158800 ms)

========================================================================
Received Import Request.
  Time since last request: 91.282495 seconds.
  path: Assets/Enemies/Boss.prefab
  artifactKey: Guid(ce8e8e9ea1a645b4c8a20c08f1839272) Importer(815301076,1909f56bfc062723c751e8b465ee728b)
Start importing Assets/Enemies/Boss.prefab using Guid(ce8e8e9ea1a645b4c8a20c08f1839272) Importer(815301076,1909f56bfc062723c751e8b465ee728b)  -> (artifact id: '66deca11f6486a8b40cd20e8bf12c55d') in 0.107699 seconds
  Import took 0.113625 seconds .

========================================================================
Received Prepare
Trying to reload asset but can't find object on disk

Trying to reload asset but can't find object on disk

Trying to reload asset but can't find object on disk

Trying to reload asset but can't find object on disk

Trying to reload asset but can't find object on disk

Trying to reload asset but can't find object on disk

Trying to reload asset but can't find object on disk

Trying to reload asset but can't find object on disk

Trying to reload asset but can't find object on disk

Trying to reload asset but can't find object on disk

Trying to reload asset but can't find object on disk

Trying to reload asset but can't find object on disk

Trying to reload asset but can't find object on disk

Trying to reload asset but can't find object on disk

Trying to reload asset but can't find object on disk

Trying to reload asset but can't find object on disk

Trying to reload asset but can't find object on disk

Trying to reload asset but can't find object on disk

Registering precompiled user dll's ...
Registered in 0.001165 seconds.
Begin MonoManager ReloadAssembly
Native extension for WindowsStandalone target not found
Native extension for WebGL target not found
Refreshing native plugins compatible for Editor in 30.97 ms, found 0 plugins.
Preloading 0 native plugins for Editor in 0.00 ms.
Invoked RoslynAnalysisRunner static constructor.
RoslynAnalysisRunner will not be running.
RoslynAnalysisRunner has terminated.
Mono: successfully reloaded assembly
- Completed reload, in  1.278 seconds
Platform modules already initialized, skipping
Refreshing native plugins compatible for Editor in 0.24 ms, found 0 plugins.
Preloading 0 native plugins for Editor in 0.00 ms.
Unloading 1110 Unused Serialized files (Serialized files now loaded: 0)
System memory in use before: 74.6 MB.
System memory in use after: 74.7 MB.

Unloading 251 unused Assets to reduce memory usage. Loaded Objects now: 2136.
Total: 2.572600 ms (FindLiveObjects: 0.253600 ms CreateObjectMapping: 0.065300 ms MarkObjects: 2.006600 ms  DeleteObjects: 0.245900 ms)

AssetImportWorkerClient::OnTransportError - code=2 error=End of file
